<?xml version='1.1' encoding='UTF-8'?>
<result plugin="junit@1.27">
  <suites>
    <suite>
      <file>/mnt/project-code/service-application/target/surefire-reports/TEST-TestSuite.xml</file>
      <name>TestSuite</name>
      <duration>39.727</duration>
      <time>39.727</time>
      <enclosingBlocks/>
      <enclosingBlockNames/>
      <cases>
        <case>
          <duration>0.029</duration>
          <className>com.cpc.shipping.manager.shippingmanager.ShippingmanagerApplicationTests</className>
          <testName>contextLoads</testName>
          <skipped>false</skipped>
          <failedSince>0</failedSince>
        </case>
      </cases>
    </suite>
  </suites>
  <duration>39.727</duration>
  <keepLongStdio>false</keepLongStdio>
</result>