<?xml version='1.1' encoding='UTF-8'?>
<result plugin="junit@1.27">
  <suites>
    <suite>
      <file>/mnt/project-code/service-query/target/surefire-reports/TEST-TestSuite.xml</file>
      <name>TestSuite</name>
      <duration>1.879</duration>
      <time>1.879</time>
      <enclosingBlocks/>
      <enclosingBlockNames/>
      <cases>
        <case>
          <duration>0.323</duration>
          <className>com.cpc.shipping.manager.eventhandler.service.EventHandlerServiceImplTest</className>
          <testName>testEventStream</testName>
          <skipped>false</skipped>
          <failedSince>0</failedSince>
        </case>
        <case>
          <duration>0.023</duration>
          <className>com.cpc.shipping.manager.query.event.domain.QueryDomainJacksonTest</className>
          <testName>testDeSer</testName>
          <skipped>false</skipped>
          <failedSince>0</failedSince>
        </case>
        <case>
          <duration>0.0</duration>
          <className>com.cpc.shipping.manager.query.event.domain.QueryDomainJacksonTest</className>
          <testName>testProcessor</testName>
          <skipped>false</skipped>
          <failedSince>0</failedSince>
        </case>
      </cases>
    </suite>
  </suites>
  <duration>1.879</duration>
  <keepLongStdio>false</keepLongStdio>
</result>