<?xml version='1.1' encoding='UTF-8'?>
<result plugin="junit@1.27">
  <suites>
    <suite>
      <file>/mnt/project-code/service-event/target/surefire-reports/TEST-TestSuite.xml</file>
      <name>TestSuite</name>
      <duration>1.587</duration>
      <time>1.587</time>
      <enclosingBlocks/>
      <enclosingBlockNames/>
      <cases>
        <case>
          <duration>0.106</duration>
          <className>com.cpc.shipping.manager.domain.epu.CompletableFutureExceptionTest</className>
          <testName>run1</testName>
          <skipped>false</skipped>
          <failedSince>0</failedSince>
        </case>
        <case>
          <duration>0.101</duration>
          <className>com.cpc.shipping.manager.domain.epu.CompletableFutureExceptionTest</className>
          <testName>run2</testName>
          <skipped>false</skipped>
          <failedSince>0</failedSince>
        </case>
        <case>
          <duration>0.173</duration>
          <className>com.cpc.shipping.manager.domain.epu.CompletableFutureExceptionTest</className>
          <testName>testCompletableFuture</testName>
          <skipped>false</skipped>
          <failedSince>0</failedSince>
        </case>
        <case>
          <duration>0.048</duration>
          <className>com.cpc.shipping.manager.domain.epu.JsonMapperTest</className>
          <testName>testMapDelivered</testName>
          <skipped>false</skipped>
          <failedSince>0</failedSince>
        </case>
        <case>
          <duration>0.006</duration>
          <className>com.cpc.shipping.manager.domain.epu.JsonMapperTest</className>
          <testName>testMapOfd</testName>
          <skipped>false</skipped>
          <failedSince>0</failedSince>
        </case>
      </cases>
    </suite>
  </suites>
  <duration>1.587</duration>
  <keepLongStdio>false</keepLongStdio>
</result>